<?xml version="1.0" encoding="UTF-8"?>
<testsuite xmlns:xsi="http://www.w3.org/2001/XMLSchema-instance" xsi:noNamespaceSchemaLocation="https://maven.apache.org/surefire/maven-surefire-plugin/xsd/surefire-test-report-3.0.xsd" version="3.0" name="com.gestioncitas_trabajofinal.unitarias.CitaServiceTest" time="1.298" tests="13" errors="0" skipped="0" failures="0">
  <properties>
[...]
</properties>
  <testcase name="testProximaCitaRetornaNullSiNoHayCitas" classname="com.gestioncitas_trabajofinal.unitarias.CitaServiceTest" time="1.245"/>
  <testcase name="testObtenerCitasPorPacienteListaVacia" classname="com.gestioncitas_trabajofinal.unitarias.CitaServiceTest" time="0.003"/>
  <testcase name="testObtenerCitasPorMedico" classname="com.gestioncitas_trabajofinal.unitarias.CitaServiceTest" time="0.002"/>
  <testcase name="testRegistrarCitaDuplicada" classname="com.gestioncitas_trabajofinal.unitarias.CitaServiceTest" time="0.004"/>
  <testcase name="testNoPemiteCitaConMedicoOcupado" classname="com.gestioncitas_trabajofinal.unitarias.CitaServiceTest" time="0.002"/>
  <testcase name="testCancelarCita" classname="com.gestioncitas_trabajofinal.unitarias.CitaServiceTest" time="0.005"/>
  <testcase name="testMultiplesObservadores" classname="com.gestioncitas_trabajofinal.unitarias.CitaServiceTest" time="0.003"/>
  <testcase name="testVerificarArgumentosGuardar" classname="com.gestioncitas_trabajofinal.unitarias.CitaServiceTest" time="0.004"/>
  <testcase name="testActualizarEstadoCita" classname="com.gestioncitas_trabajofinal.unitarias.CitaServiceTest" time="0.002"/>
  <testcase name="testObtenerProximaCitaPorPaciente" classname="com.gestioncitas_trabajofinal.unitarias.CitaServiceTest" time="0.002"/>
  <testcase name="testRemoverObservador" classname="com.gestioncitas_trabajofinal.unitarias.CitaServiceTest" time="0.003"/>
  <testcase name="testRegistrarCitaExitoso" classname="com.gestioncitas_trabajofinal.unitarias.CitaServiceTest" time="0.003"/>
  <testcase name="testObtenerCitasPorPaciente" classname="com.gestioncitas_trabajofinal.unitarias.CitaServiceTest" time="0.002"/>
</testsuite>