<?xml version="1.0" encoding="UTF-8"?>
<testsuite xmlns:xsi="http://www.w3.org/2001/XMLSchema-instance" xsi:noNamespaceSchemaLocation="https://maven.apache.org/surefire/maven-surefire-plugin/xsd/surefire-test-report-3.0.xsd" version="3.0" name="com.gestioncitas_trabajofinal.integracion.CitaIntegrationTest" time="0.91" tests="10" errors="0" skipped="0" failures="0">
  <properties>
[...]
</properties>
  <testcase name="testConexionBaseDatos" classname="com.gestioncitas_trabajofinal.integracion.CitaIntegrationTest" time="0.053">
    <system-out><![CDATA[
======================================================================
   INICIANDO PRUEBAS DE INTEGRACION - GESTION DE CITAS
======================================================================
INFO: Conexión a la base de datos establecida exitosamente.
[OK] Paciente encontrado: Carlos Alberto Ramos L├│pez (ID: 1)
[OK] Medico encontrado: Andr├®s Felipe Salazar Huam├ín - Cardiolog├¡a (ID: 11)
[OK] Conexion establecida
[OK] Controlador inicializado (SIN notificaciones por email)
[OK] Datos de prueba cargados desde la BD

─────────────────────────────────────────────────────────────────
> Verificando conexion a la base de datos...
  [OK] Conexion valida y funcional
[OK] Prueba completada

]]></system-out>
  </testcase>
  <testcase name="testRegistrarNuevaCita" classname="com.gestioncitas_trabajofinal.integracion.CitaIntegrationTest" time="0.037">
    <system-out><![CDATA[─────────────────────────────────────────────────────────────────
> Registrando nueva cita en la BD...
  [OK] Cita registrada: LUNES 10:00 AM
  [OK] Motivo: Consulta de control - Test de Integracion
[OK] Prueba completada

]]></system-out>
  </testcase>
  <testcase name="testObtenerCitasPorPaciente" classname="com.gestioncitas_trabajofinal.integracion.CitaIntegrationTest" time="0.017">
    <system-out><![CDATA[─────────────────────────────────────────────────────────────────
> Consultando citas del paciente ID: 1
  [OK] Se encontraron 0 cita(s)
  [OK] Integridad de datos verificada
[OK] Prueba completada

]]></system-out>
  </testcase>
  <testcase name="testObtenerCitasPorMedico" classname="com.gestioncitas_trabajofinal.integracion.CitaIntegrationTest" time="0.005">
    <system-out><![CDATA[─────────────────────────────────────────────────────────────────
> Consultando citas del medico ID: 11
  [OK] Se encontraron 0 cita(s) para el medico
  [OK] Todas las citas pertenecen al medico correcto
[OK] Prueba completada

]]></system-out>
  </testcase>
  <testcase name="testObtenerProximaCita" classname="com.gestioncitas_trabajofinal.integracion.CitaIntegrationTest" time="0.004">
    <system-out><![CDATA[─────────────────────────────────────────────────────────────────
> Buscando proxima cita pendiente del paciente...
  [WARN] No hay proximas citas pendientes para este paciente
[OK] Prueba completada

]]></system-out>
  </testcase>
  <testcase name="testActualizarEstadoCita" classname="com.gestioncitas_trabajofinal.integracion.CitaIntegrationTest" time="0.031">
    <system-out><![CDATA[─────────────────────────────────────────────────────────────────
> Actualizando estado de una cita...
  [INFO] No hay citas existentes, creando una nueva...
  - Cita ID: 29
  - Estado anterior: EN_ESPERA
  [OK] Estado actualizado a: REALIZADA
[OK] Prueba completada

]]></system-out>
  </testcase>
  <testcase name="testCancelarCita" classname="com.gestioncitas_trabajofinal.integracion.CitaIntegrationTest" time="0.038">
    <system-out><![CDATA[─────────────────────────────────────────────────────────────────
> Cancelando una cita...
  [WARN] No hay citas en estado EN_ESPERA para cancelar
  [INFO] Registrando nueva cita para poder cancelarla...
  [OK] Nueva cita creada y cancelada exitosamente
[OK] Prueba completada

]]></system-out>
  </testcase>
  <testcase name="testFlujoCompletoRegistrarConsultarCancelar" classname="com.gestioncitas_trabajofinal.integracion.CitaIntegrationTest" time="0.042">
    <system-out><![CDATA[─────────────────────────────────────────────────────────────────
> Ejecutando flujo completo de gestion de cita...
  [1/4] Registrando nueva cita...
      [OK] Cita registrada para MIERCOLES 15:30
  [2/4] Consultando citas del paciente...
      ✓ Cita encontrada en BD (ID: 31)
  [3/4] Verificando estado de la cita...
      ✓ Estado correcto: EN_ESPERA
  [4/4] Cancelando la cita...
      [OK] Cita cancelada exitosamente
  [OK] Flujo completo ejecutado correctamente
[OK] Prueba completada

]]></system-out>
  </testcase>
  <testcase name="testIntegridadReferencialDatos" classname="com.gestioncitas_trabajofinal.integracion.CitaIntegrationTest" time="0.015">
    <system-out><![CDATA[─────────────────────────────────────────────────────────────────
> Verificando integridad referencial de datos en BD...
  [OK] 0 cita(s) verificadas
  [OK] Integridad referencial validada (Paciente -> Cita -> Medico -> Especialidad)
[OK] Prueba completada

]]></system-out>
  </testcase>
  <testcase name="testRendimientoConsultasMultiples" classname="com.gestioncitas_trabajofinal.integracion.CitaIntegrationTest" time="0.089">
    <system-out><![CDATA[─────────────────────────────────────────────────────────────────
> Realizando prueba de rendimiento con consultas multiples...
  - Ejecutando 50 consultas a la BD...

  =================================================================
                    REPORTE DE RENDIMIENTO
  =================================================================
    Total de consultas:        50
    Tiempo total:              83 ms
    Promedio por consulta:     1.66 ms
    Consultas por segundo:     602.41
  =================================================================
  [OK] Rendimiento aceptable
[OK] Prueba completada

]]></system-out>
  </testcase>
</testsuite>